<?xml version="1.0" encoding="UTF-8"?>
<coverage generated="1596276110214" clover="3.2.0">
  <project timestamp="1596276110214" name="All files">
    <metrics statements="63" coveredstatements="55" conditionals="24" coveredconditionals="19" methods="13" coveredmethods="12" elements="100" coveredelements="86" complexity="0" loc="63" ncloc="63" packages="1" files="3" classes="3"/>
    <file name="Plugin.js" path="/Users/shiasn/work/libraries/babel-plugin-transform-lazy/src/Plugin.js">
      <metrics statements="46" coveredstatements="46" conditionals="22" coveredconditionals="18" methods="8" coveredmethods="8"/>
      <line num="1" count="1" type="stmt"/>
      <line num="2" count="1" type="stmt"/>
      <line num="6" count="6" type="stmt"/>
      <line num="7" count="6" type="stmt"/>
      <line num="8" count="6" type="stmt"/>
      <line num="9" count="6" type="stmt"/>
      <line num="10" count="6" type="stmt"/>
      <line num="14" count="14" type="stmt"/>
      <line num="15" count="14" type="stmt"/>
      <line num="17" count="14" type="stmt"/>
      <line num="18" count="14" type="stmt"/>
      <line num="19" count="14" type="cond" truecount="3" falsecount="1"/>
      <line num="21" count="14" type="stmt"/>
      <line num="23" count="14" type="stmt"/>
      <line num="24" count="14" type="stmt"/>
      <line num="26" count="14" type="cond" truecount="1" falsecount="1"/>
      <line num="28" count="14" type="stmt"/>
      <line num="30" count="14" type="cond" truecount="2" falsecount="0"/>
      <line num="31" count="2" type="cond" truecount="1" falsecount="1"/>
      <line num="32" count="3" type="cond" truecount="2" falsecount="0"/>
      <line num="35" count="2" type="stmt"/>
      <line num="36" count="2" type="stmt"/>
      <line num="39" count="12" type="cond" truecount="2" falsecount="0"/>
      <line num="40" count="5" type="stmt"/>
      <line num="43" count="7" type="stmt"/>
      <line num="45" count="7" type="stmt"/>
      <line num="49" count="12" type="stmt"/>
      <line num="50" count="12" type="cond" truecount="1" falsecount="1"/>
      <line num="51" count="12" type="stmt"/>
      <line num="55" count="7" type="stmt"/>
      <line num="57" count="7" type="stmt"/>
      <line num="67" count="7" type="stmt"/>
      <line num="81" count="6" type="cond" truecount="2" falsecount="0"/>
      <line num="82" count="5" type="cond" truecount="2" falsecount="0"/>
      <line num="84" count="4" type="stmt"/>
      <line num="86" count="4" type="cond" truecount="2" falsecount="0"/>
      <line num="87" count="1" type="stmt"/>
      <line num="88" count="1" type="stmt"/>
      <line num="96" count="1" type="stmt"/>
      <line num="97" count="1" type="stmt"/>
      <line num="100" count="3" type="stmt"/>
      <line num="112" count="6" type="stmt"/>
      <line num="114" count="6" type="stmt"/>
      <line num="115" count="6" type="stmt"/>
      <line num="116" count="6" type="stmt"/>
      <line num="120" count="1" type="stmt"/>
    </file>
    <file name="index.js" path="/Users/shiasn/work/libraries/babel-plugin-transform-lazy/src/index.js">
      <metrics statements="9" coveredstatements="9" conditionals="2" coveredconditionals="1" methods="4" coveredmethods="4"/>
      <line num="1" count="1" type="stmt"/>
      <line num="3" count="1" type="stmt"/>
      <line num="6" count="7" type="stmt"/>
      <line num="9" count="6" type="cond" truecount="1" falsecount="1"/>
      <line num="10" count="6" type="stmt"/>
      <line num="16" count="6" type="stmt"/>
      <line num="20" count="14" type="stmt"/>
      <line num="24" count="7" type="stmt"/>
      <line num="29" count="1" type="stmt"/>
    </file>
    <file name="test.js" path="/Users/shiasn/work/libraries/babel-plugin-transform-lazy/src/test.js">
      <metrics statements="8" coveredstatements="0" conditionals="0" coveredconditionals="0" methods="1" coveredmethods="0"/>
      <line num="1" count="0" type="stmt"/>
      <line num="2" count="0" type="stmt"/>
      <line num="4" count="0" type="stmt"/>
      <line num="7" count="0" type="stmt"/>
      <line num="16" count="0" type="stmt"/>
      <line num="24" count="0" type="stmt"/>
      <line num="25" count="0" type="stmt"/>
      <line num="26" count="0" type="stmt"/>
    </file>
  </project>
</coverage>
