{"/Users/shiasn/work/libraries/babel-plugin-transform-lazy/src/Plugin.js": {"path":"/Users/shiasn/work/libraries/babel-plugin-transform-lazy/src/Plugin.js","statementMap":{"0":{"start":{"line":1,"column":31},"end":{"line":1,"column":55}},"1":{"start":{"line":2,"column":19},"end":{"line":2,"column":26}},"2":{"start":{"line":6,"column":4},"end":{"line":6,"column":19}},"3":{"start":{"line":7,"column":4},"end":{"line":7,"column":27}},"4":{"start":{"line":8,"column":4},"end":{"line":8,"column":30}},"5":{"start":{"line":9,"column":4},"end":{"line":9,"column":39}},"6":{"start":{"line":10,"column":4},"end":{"line":10,"column":46}},"7":{"start":{"line":14,"column":21},"end":{"line":14,"column":28}},"8":{"start":{"line":15,"column":23},"end":{"line":15,"column":27}},"9":{"start":{"line":17,"column":4},"end":{"line":17,"column":23}},"10":{"start":{"line":18,"column":4},"end":{"line":18,"column":29}},"11":{"start":{"line":19,"column":4},"end":{"line":19,"column":41}},"12":{"start":{"line":19,"column":34},"end":{"line":19,"column":41}},"13":{"start":{"line":21,"column":18},"end":{"line":21,"column":39}},"14":{"start":{"line":23,"column":23},"end":{"line":23,"column":38}},"15":{"start":{"line":24,"column":22},"end":{"line":24,"column":84}},"16":{"start":{"line":24,"column":52},"end":{"line":24,"column":83}},"17":{"start":{"line":26,"column":4},"end":{"line":26,"column":27}},"18":{"start":{"line":26,"column":20},"end":{"line":26,"column":27}},"19":{"start":{"line":28,"column":18},"end":{"line":28,"column":38}},"20":{"start":{"line":30,"column":4},"end":{"line":37,"column":5}},"21":{"start":{"line":31,"column":6},"end":{"line":33,"column":7}},"22":{"start":{"line":32,"column":8},"end":{"line":32,"column":91}},"23":{"start":{"line":32,"column":49},"end":{"line":32,"column":89}},"24":{"start":{"line":35,"column":6},"end":{"line":35,"column":51}},"25":{"start":{"line":36,"column":6},"end":{"line":36,"column":13}},"26":{"start":{"line":39,"column":4},"end":{"line":41,"column":5}},"27":{"start":{"line":40,"column":6},"end":{"line":40,"column":13}},"28":{"start":{"line":43,"column":4},"end":{"line":43,"column":38}},"29":{"start":{"line":45,"column":4},"end":{"line":45,"column":45}},"30":{"start":{"line":49,"column":24},"end":{"line":49,"column":36}},"31":{"start":{"line":50,"column":4},"end":{"line":50,"column":30}},"32":{"start":{"line":50,"column":18},"end":{"line":50,"column":30}},"33":{"start":{"line":51,"column":4},"end":{"line":51,"column":33}},"34":{"start":{"line":55,"column":14},"end":{"line":55,"column":20}},"35":{"start":{"line":57,"column":27},"end":{"line":65,"column":5}},"36":{"start":{"line":67,"column":4},"end":{"line":77,"column":6}},"37":{"start":{"line":81,"column":4},"end":{"line":81,"column":44}},"38":{"start":{"line":81,"column":37},"end":{"line":81,"column":44}},"39":{"start":{"line":82,"column":4},"end":{"line":82,"column":34}},"40":{"start":{"line":82,"column":27},"end":{"line":82,"column":34}},"41":{"start":{"line":84,"column":14},"end":{"line":84,"column":20}},"42":{"start":{"line":86,"column":4},"end":{"line":98,"column":5}},"43":{"start":{"line":87,"column":36},"end":{"line":87,"column":80}},"44":{"start":{"line":88,"column":6},"end":{"line":94,"column":7}},"45":{"start":{"line":96,"column":6},"end":{"line":96,"column":76}},"46":{"start":{"line":97,"column":6},"end":{"line":97,"column":13}},"47":{"start":{"line":100,"column":4},"end":{"line":108,"column":7}},"48":{"start":{"line":112,"column":4},"end":{"line":112,"column":27}},"49":{"start":{"line":114,"column":4},"end":{"line":114,"column":30}},"50":{"start":{"line":115,"column":4},"end":{"line":115,"column":39}},"51":{"start":{"line":116,"column":4},"end":{"line":116,"column":46}},"52":{"start":{"line":120,"column":0},"end":{"line":120,"column":24}}},"fnMap":{"0":{"name":"(anonymous_0)","decl":{"start":{"line":5,"column":2},"end":{"line":5,"column":3}},"loc":{"start":{"line":5,"column":31},"end":{"line":11,"column":3}},"line":5},"1":{"name":"(anonymous_1)","decl":{"start":{"line":13,"column":2},"end":{"line":13,"column":3}},"loc":{"start":{"line":13,"column":30},"end":{"line":46,"column":3}},"line":13},"2":{"name":"(anonymous_2)","decl":{"start":{"line":24,"column":38},"end":{"line":24,"column":39}},"loc":{"start":{"line":24,"column":52},"end":{"line":24,"column":83}},"line":24},"3":{"name":"(anonymous_3)","decl":{"start":{"line":32,"column":44},"end":{"line":32,"column":45}},"loc":{"start":{"line":32,"column":49},"end":{"line":32,"column":89}},"line":32},"4":{"name":"(anonymous_4)","decl":{"start":{"line":48,"column":2},"end":{"line":48,"column":3}},"loc":{"start":{"line":48,"column":23},"end":{"line":52,"column":3}},"line":48},"5":{"name":"(anonymous_5)","decl":{"start":{"line":54,"column":2},"end":{"line":54,"column":3}},"loc":{"start":{"line":54,"column":40},"end":{"line":78,"column":3}},"line":54},"6":{"name":"(anonymous_6)","decl":{"start":{"line":80,"column":2},"end":{"line":80,"column":3}},"loc":{"start":{"line":80,"column":21},"end":{"line":109,"column":3}},"line":80},"7":{"name":"(anonymous_7)","decl":{"start":{"line":111,"column":2},"end":{"line":111,"column":3}},"loc":{"start":{"line":111,"column":25},"end":{"line":117,"column":3}},"line":111}},"branchMap":{"0":{"loc":{"start":{"line":19,"column":4},"end":{"line":19,"column":41}},"type":"if","locations":[{"start":{"line":19,"column":4},"end":{"line":19,"column":41}},{"start":{"line":19,"column":4},"end":{"line":19,"column":41}}],"line":19},"1":{"loc":{"start":{"line":19,"column":8},"end":{"line":19,"column":32}},"type":"binary-expr","locations":[{"start":{"line":19,"column":8},"end":{"line":19,"column":15}},{"start":{"line":19,"column":19},"end":{"line":19,"column":32}}],"line":19},"2":{"loc":{"start":{"line":26,"column":4},"end":{"line":26,"column":27}},"type":"if","locations":[{"start":{"line":26,"column":4},"end":{"line":26,"column":27}},{"start":{"line":26,"column":4},"end":{"line":26,"column":27}}],"line":26},"3":{"loc":{"start":{"line":30,"column":4},"end":{"line":37,"column":5}},"type":"if","locations":[{"start":{"line":30,"column":4},"end":{"line":37,"column":5}},{"start":{"line":30,"column":4},"end":{"line":37,"column":5}}],"line":30},"4":{"loc":{"start":{"line":31,"column":6},"end":{"line":33,"column":7}},"type":"if","locations":[{"start":{"line":31,"column":6},"end":{"line":33,"column":7}},{"start":{"line":31,"column":6},"end":{"line":33,"column":7}}],"line":31},"5":{"loc":{"start":{"line":32,"column":49},"end":{"line":32,"column":89}},"type":"binary-expr","locations":[{"start":{"line":32,"column":49},"end":{"line":32,"column":59}},{"start":{"line":32,"column":63},"end":{"line":32,"column":89}}],"line":32},"6":{"loc":{"start":{"line":39,"column":4},"end":{"line":41,"column":5}},"type":"if","locations":[{"start":{"line":39,"column":4},"end":{"line":41,"column":5}},{"start":{"line":39,"column":4},"end":{"line":41,"column":5}}],"line":39},"7":{"loc":{"start":{"line":50,"column":4},"end":{"line":50,"column":30}},"type":"if","locations":[{"start":{"line":50,"column":4},"end":{"line":50,"column":30}},{"start":{"line":50,"column":4},"end":{"line":50,"column":30}}],"line":50},"8":{"loc":{"start":{"line":81,"column":4},"end":{"line":81,"column":44}},"type":"if","locations":[{"start":{"line":81,"column":4},"end":{"line":81,"column":44}},{"start":{"line":81,"column":4},"end":{"line":81,"column":44}}],"line":81},"9":{"loc":{"start":{"line":82,"column":4},"end":{"line":82,"column":34}},"type":"if","locations":[{"start":{"line":82,"column":4},"end":{"line":82,"column":34}},{"start":{"line":82,"column":4},"end":{"line":82,"column":34}}],"line":82},"10":{"loc":{"start":{"line":86,"column":4},"end":{"line":98,"column":5}},"type":"if","locations":[{"start":{"line":86,"column":4},"end":{"line":98,"column":5}},{"start":{"line":86,"column":4},"end":{"line":98,"column":5}}],"line":86}},"s":{"0":1,"1":1,"2":6,"3":6,"4":6,"5":6,"6":6,"7":14,"8":14,"9":14,"10":14,"11":14,"12":0,"13":14,"14":14,"15":14,"16":14,"17":14,"18":0,"19":14,"20":14,"21":2,"22":2,"23":3,"24":2,"25":2,"26":12,"27":5,"28":7,"29":7,"30":12,"31":12,"32":0,"33":12,"34":7,"35":7,"36":7,"37":6,"38":1,"39":5,"40":1,"41":4,"42":4,"43":1,"44":1,"45":1,"46":1,"47":3,"48":6,"49":6,"50":6,"51":6,"52":1},"f":{"0":6,"1":14,"2":14,"3":3,"4":12,"5":7,"6":6,"7":6},"b":{"0":[0,14],"1":[14,14],"2":[0,14],"3":[2,12],"4":[2,0],"5":[3,1],"6":[5,7],"7":[0,12],"8":[1,5],"9":[1,4],"10":[1,3]},"_coverageSchema":"1a1c01bbd47fc00a2c39e90264f33305004495a9","hash":"0dce62b1976232e24ed224cfc1bd776dd0f5e8f2"}
,"/Users/shiasn/work/libraries/babel-plugin-transform-lazy/src/index.js": {"path":"/Users/shiasn/work/libraries/babel-plugin-transform-lazy/src/index.js","statementMap":{"0":{"start":{"line":1,"column":15},"end":{"line":1,"column":34}},"1":{"start":{"line":3,"column":15},"end":{"line":25,"column":1}},"2":{"start":{"line":6,"column":18},"end":{"line":22,"column":3}},"3":{"start":{"line":9,"column":8},"end":{"line":11,"column":9}},"4":{"start":{"line":10,"column":10},"end":{"line":10,"column":45}},"5":{"start":{"line":16,"column":8},"end":{"line":16,"column":62}},"6":{"start":{"line":20,"column":6},"end":{"line":20,"column":66}},"7":{"start":{"line":24,"column":2},"end":{"line":24,"column":21}},"8":{"start":{"line":29,"column":0},"end":{"line":29,"column":24}}},"fnMap":{"0":{"name":"(anonymous_0)","decl":{"start":{"line":3,"column":15},"end":{"line":3,"column":16}},"loc":{"start":{"line":3,"column":30},"end":{"line":25,"column":1}},"line":3},"1":{"name":"(anonymous_1)","decl":{"start":{"line":8,"column":6},"end":{"line":8,"column":7}},"loc":{"start":{"line":8,"column":26},"end":{"line":14,"column":7}},"line":8},"2":{"name":"(anonymous_2)","decl":{"start":{"line":15,"column":6},"end":{"line":15,"column":7}},"loc":{"start":{"line":15,"column":15},"end":{"line":17,"column":7}},"line":15},"3":{"name":"(anonymous_3)","decl":{"start":{"line":19,"column":4},"end":{"line":19,"column":5}},"loc":{"start":{"line":19,"column":25},"end":{"line":21,"column":5}},"line":19}},"branchMap":{"0":{"loc":{"start":{"line":9,"column":8},"end":{"line":11,"column":9}},"type":"if","locations":[{"start":{"line":9,"column":8},"end":{"line":11,"column":9}},{"start":{"line":9,"column":8},"end":{"line":11,"column":9}}],"line":9}},"s":{"0":1,"1":1,"2":7,"3":6,"4":6,"5":6,"6":14,"7":7,"8":1},"f":{"0":7,"1":6,"2":6,"3":14},"b":{"0":[6,0]},"_coverageSchema":"1a1c01bbd47fc00a2c39e90264f33305004495a9","hash":"83fe72b43a236ad2056d05ee548a82a0d15db68b"}
,"/Users/shiasn/work/libraries/babel-plugin-transform-lazy/src/test.js": {"path":"/Users/shiasn/work/libraries/babel-plugin-transform-lazy/src/test.js","statementMap":{"0":{"start":{"line":1,"column":22},"end":{"line":1,"column":44}},"1":{"start":{"line":2,"column":15},"end":{"line":2,"column":33}},"2":{"start":{"line":4,"column":13},"end":{"line":5,"column":41}},"3":{"start":{"line":7,"column":15},"end":{"line":22,"column":1}},"4":{"start":{"line":16,"column":12},"end":{"line":16,"column":36}},"5":{"start":{"line":24,"column":0},"end":{"line":24,"column":25}},"6":{"start":{"line":25,"column":0},"end":{"line":25,"column":25}},"7":{"start":{"line":26,"column":0},"end":{"line":26,"column":25}}},"fnMap":{"0":{"name":"(anonymous_0)","decl":{"start":{"line":15,"column":19},"end":{"line":15,"column":20}},"loc":{"start":{"line":15,"column":37},"end":{"line":17,"column":11}},"line":15}},"branchMap":{},"s":{"0":0,"1":0,"2":0,"3":0,"4":0,"5":0,"6":0,"7":0},"f":{"0":0},"b":{}}
}
