TN:
SF:src/Plugin.js
FN:5,(anonymous_0)
FN:13,(anonymous_1)
FN:24,(anonymous_2)
FN:32,(anonymous_3)
FN:48,(anonymous_4)
FN:54,(anonymous_5)
FN:80,(anonymous_6)
FN:111,(anonymous_7)
FNF:8
FNH:8
FNDA:6,(anonymous_0)
FNDA:14,(anonymous_1)
FNDA:14,(anonymous_2)
FNDA:3,(anonymous_3)
FNDA:12,(anonymous_4)
FNDA:7,(anonymous_5)
FNDA:6,(anonymous_6)
FNDA:6,(anonymous_7)
DA:1,1
DA:2,1
DA:6,6
DA:7,6
DA:8,6
DA:9,6
DA:10,6
DA:14,14
DA:15,14
DA:17,14
DA:18,14
DA:19,14
DA:21,14
DA:23,14
DA:24,14
DA:26,14
DA:28,14
DA:30,14
DA:31,2
DA:32,3
DA:35,2
DA:36,2
DA:39,12
DA:40,5
DA:43,7
DA:45,7
DA:49,12
DA:50,12
DA:51,12
DA:55,7
DA:57,7
DA:67,7
DA:81,6
DA:82,5
DA:84,4
DA:86,4
DA:87,1
DA:88,1
DA:96,1
DA:97,1
DA:100,3
DA:112,6
DA:114,6
DA:115,6
DA:116,6
DA:120,1
LF:46
LH:46
BRDA:19,0,0,0
BRDA:19,0,1,14
BRDA:19,1,0,14
BRDA:19,1,1,14
BRDA:26,2,0,0
BRDA:26,2,1,14
BRDA:30,3,0,2
BRDA:30,3,1,12
BRDA:31,4,0,2
BRDA:31,4,1,0
BRDA:32,5,0,3
BRDA:32,5,1,1
BRDA:39,6,0,5
BRDA:39,6,1,7
BRDA:50,7,0,0
BRDA:50,7,1,12
BRDA:81,8,0,1
BRDA:81,8,1,5
BRDA:82,9,0,1
BRDA:82,9,1,4
BRDA:86,10,0,1
BRDA:86,10,1,3
BRF:22
BRH:18
end_of_record
TN:
SF:src/index.js
FN:3,(anonymous_0)
FN:8,(anonymous_1)
FN:15,(anonymous_2)
FN:19,(anonymous_3)
FNF:4
FNH:4
FNDA:7,(anonymous_0)
FNDA:6,(anonymous_1)
FNDA:6,(anonymous_2)
FNDA:14,(anonymous_3)
DA:1,1
DA:3,1
DA:6,7
DA:9,6
DA:10,6
DA:16,6
DA:20,14
DA:24,7
DA:29,1
LF:9
LH:9
BRDA:9,0,0,6
BRDA:9,0,1,0
BRF:2
BRH:1
end_of_record
TN:
SF:src/test.js
FN:15,(anonymous_0)
FNF:1
FNH:0
FNDA:0,(anonymous_0)
DA:1,0
DA:2,0
DA:4,0
DA:7,0
DA:16,0
DA:24,0
DA:25,0
DA:26,0
LF:8
LH:0
BRF:0
BRH:0
end_of_record
